Performing C SOURCE FILE Test CMAKE_HAVE_LIBC_PTHREAD failed with the following output:
Change Dir: /home/gabri/Bank-System/cmake-build-debug/CMakeFiles/CMakeTmp

Run Build Command(s):/bin/make cmTC_816a4/fast && /bin/make -f CMakeFiles/cmTC_816a4.dir/build.make CMakeFiles/cmTC_816a4.dir/build
make[1]: Entering directory '/home/gabri/Bank-System/cmake-build-debug/CMakeFiles/CMakeTmp'
Building C object CMakeFiles/cmTC_816a4.dir/src.c.o
/bin/cc   -DCMAKE_HAVE_LIBC_PTHREAD   -o CMakeFiles/cmTC_816a4.dir/src.c.o   -c /home/gabri/Bank-System/cmake-build-debug/CMakeFiles/CMakeTmp/src.c
Linking C executable cmTC_816a4
/home/gabri/ProgramFiles/clion-2020.1.2/bin/cmake/linux/bin/cmake -E cmake_link_script CMakeFiles/cmTC_816a4.dir/link.txt --verbose=1
/bin/cc  -DCMAKE_HAVE_LIBC_PTHREAD    -rdynamic CMakeFiles/cmTC_816a4.dir/src.c.o  -o cmTC_816a4 
/bin/ld: CMakeFiles/cmTC_816a4.dir/src.c.o: in function `main':
src.c:(.text+0x46): undefined reference to `pthread_create'
/bin/ld: src.c:(.text+0x52): undefined reference to `pthread_detach'
/bin/ld: src.c:(.text+0x63): undefined reference to `pthread_join'
collect2: error: ld returned 1 exit status
make[1]: *** [CMakeFiles/cmTC_816a4.dir/build.make:87: cmTC_816a4] Error 1
make[1]: Leaving directory '/home/gabri/Bank-System/cmake-build-debug/CMakeFiles/CMakeTmp'
make: *** [Makefile:121: cmTC_816a4/fast] Error 2


Source file was:
#include <pthread.h>

void* test_func(void* data)
{
  return data;
}

int main(void)
{
  pthread_t thread;
  pthread_create(&thread, NULL, test_func, NULL);
  pthread_detach(thread);
  pthread_join(thread, NULL);
  pthread_atfork(NULL, NULL, NULL);
  pthread_exit(NULL);

  return 0;
}

Determining if the function pthread_create exists in the pthreads failed with the following output:
Change Dir: /home/gabri/Bank-System/cmake-build-debug/CMakeFiles/CMakeTmp

Run Build Command(s):/bin/make cmTC_9d742/fast && /bin/make -f CMakeFiles/cmTC_9d742.dir/build.make CMakeFiles/cmTC_9d742.dir/build
make[1]: Entering directory '/home/gabri/Bank-System/cmake-build-debug/CMakeFiles/CMakeTmp'
Building C object CMakeFiles/cmTC_9d742.dir/CheckFunctionExists.c.o
/bin/cc   -DCHECK_FUNCTION_EXISTS=pthread_create   -o CMakeFiles/cmTC_9d742.dir/CheckFunctionExists.c.o   -c /home/gabri/ProgramFiles/clion-2020.1.2/bin/cmake/linux/share/cmake-3.16/Modules/CheckFunctionExists.c
Linking C executable cmTC_9d742
/home/gabri/ProgramFiles/clion-2020.1.2/bin/cmake/linux/bin/cmake -E cmake_link_script CMakeFiles/cmTC_9d742.dir/link.txt --verbose=1
/bin/cc  -DCHECK_FUNCTION_EXISTS=pthread_create    -rdynamic CMakeFiles/cmTC_9d742.dir/CheckFunctionExists.c.o  -o cmTC_9d742  -lpthreads 
/bin/ld: cannot find -lpthreads
collect2: error: ld returned 1 exit status
make[1]: *** [CMakeFiles/cmTC_9d742.dir/build.make:87: cmTC_9d742] Error 1
make[1]: Leaving directory '/home/gabri/Bank-System/cmake-build-debug/CMakeFiles/CMakeTmp'
make: *** [Makefile:121: cmTC_9d742/fast] Error 2



